<?xml version="1.0" encoding="UTF-8"?>
<testng-results total="4" passed="4" failed="0" skipped="0">
  <reporter-output>
  </reporter-output>
  <suite started-at="2021-02-20T19:04:07Z" name="Suite1" finished-at="2021-02-20T19:15:00Z" duration-ms="652937">
    <groups>
    </groups>
    <test started-at="2021-02-20T19:04:07Z" name="Command line test 68e4972c-ccad-4c58-9cbc-1a0ac1cfc24e" finished-at="2021-02-20T19:15:00Z" duration-ms="652937">
      <class name="org.testing.Testscripts.TC6">
        <test-method is-config="true" signature="initi()[pri:0, instance:org.testing.Testscripts.TC6@50eac852]" started-at="2021-02-20T11:09:55Z" name="initi" finished-at="2021-02-20T11:10:18Z" duration-ms="23281" status="PASS">
          <reporter-output>
          </reporter-output>
        </test-method> <!-- initi -->
        <test-method signature="TestCase6()[pri:0, instance:org.testing.Testscripts.TC6@50eac852]" started-at="2021-02-20T11:10:18Z" name="TestCase6" finished-at="2021-02-20T11:12:24Z" duration-ms="125798" status="PASS">
          <reporter-output>
          </reporter-output>
        </test-method> <!-- TestCase6 -->
        <test-method is-config="true" signature="After()[pri:0, instance:org.testing.Testscripts.TC6@50eac852]" started-at="2021-02-20T11:12:24Z" name="After" finished-at="2021-02-20T11:12:26Z" duration-ms="1696" status="PASS">
          <reporter-output>
          </reporter-output>
        </test-method> <!-- After -->
      </class> <!-- org.testing.Testscripts.TC6 -->
      <class name="org.testing.Testscripts.TC5">
        <test-method is-config="true" signature="initi()[pri:0, instance:org.testing.Testscripts.TC5@61df66b6]" started-at="2021-02-20T11:07:43Z" name="initi" finished-at="2021-02-20T11:08:07Z" duration-ms="24238" status="PASS">
          <reporter-output>
          </reporter-output>
        </test-method> <!-- initi -->
        <test-method signature="TestCase5()[pri:0, instance:org.testing.Testscripts.TC5@61df66b6]" started-at="2021-02-20T11:08:07Z" name="TestCase5" finished-at="2021-02-20T11:09:54Z" duration-ms="106803" status="PASS">
          <reporter-output>
          </reporter-output>
        </test-method> <!-- TestCase5 -->
        <test-method is-config="true" signature="After()[pri:0, instance:org.testing.Testscripts.TC5@61df66b6]" started-at="2021-02-20T11:09:54Z" name="After" finished-at="2021-02-20T11:09:55Z" duration-ms="1081" status="PASS">
          <reporter-output>
          </reporter-output>
        </test-method> <!-- After -->
      </class> <!-- org.testing.Testscripts.TC5 -->
      <class name="org.testing.Testscripts.TC4">
        <test-method is-config="true" signature="initi()[pri:0, instance:org.testing.Testscripts.TC4@72f926e6]" started-at="2021-02-20T11:04:07Z" name="initi" finished-at="2021-02-20T11:06:47Z" duration-ms="159889" status="PASS">
          <reporter-output>
          </reporter-output>
        </test-method> <!-- initi -->
        <test-method signature="TestCase4()[pri:0, instance:org.testing.Testscripts.TC4@72f926e6]" started-at="2021-02-20T11:06:47Z" name="TestCase4" finished-at="2021-02-20T11:07:41Z" duration-ms="54007" status="PASS">
          <reporter-output>
          </reporter-output>
        </test-method> <!-- TestCase4 -->
        <test-method is-config="true" signature="After()[pri:0, instance:org.testing.Testscripts.TC4@72f926e6]" started-at="2021-02-20T11:07:41Z" name="After" finished-at="2021-02-20T11:07:43Z" duration-ms="1734" status="PASS">
          <reporter-output>
          </reporter-output>
        </test-method> <!-- After -->
      </class> <!-- org.testing.Testscripts.TC4 -->
      <class name="org.testing.Testscripts.TC8">
        <test-method is-config="true" signature="initi()[pri:0, instance:org.testing.Testscripts.TC8@16ec5519]" started-at="2021-02-20T11:12:26Z" name="initi" finished-at="2021-02-20T11:12:55Z" duration-ms="29204" status="PASS">
          <reporter-output>
          </reporter-output>
        </test-method> <!-- initi -->
        <test-method signature="TestCase8()[pri:0, instance:org.testing.Testscripts.TC8@16ec5519]" started-at="2021-02-20T11:12:55Z" name="TestCase8" finished-at="2021-02-20T11:14:59Z" duration-ms="124314" status="PASS">
          <reporter-output>
          </reporter-output>
        </test-method> <!-- TestCase8 -->
        <test-method is-config="true" signature="After()[pri:0, instance:org.testing.Testscripts.TC8@16ec5519]" started-at="2021-02-20T11:14:59Z" name="After" finished-at="2021-02-20T11:15:00Z" duration-ms="866" status="PASS">
          <reporter-output>
          </reporter-output>
        </test-method> <!-- After -->
      </class> <!-- org.testing.Testscripts.TC8 -->
    </test> <!-- Command line test 68e4972c-ccad-4c58-9cbc-1a0ac1cfc24e -->
  </suite> <!-- Suite1 -->
</testng-results>
