<?xml version="1.0" encoding="UTF-8"?>
<!-- Generated by org.testng.reporters.JUnitXMLReporter -->
<testsuite hostname="DESKTOP-V6KFFFL" failures="0" tests="8" name="Command line test b6c4a7a8-cca1-46ed-854b-1a960a4812be" time="697.401" errors="0" timestamp="18 Jan 2021 19:50:47 GMT">
  <testcase classname="org.testing.Testscripts.TC1" name="TestCase1" time="60.121"/>
  <testcase classname="org.testing.Testscripts.TC2" name="TestCase2" time="63.565"/>
  <testcase classname="org.testing.Testscripts.TC3" name="TestCase3" time="50.638"/>
  <testcase classname="org.testing.Testscripts.TC4" name="TestCase4" time="87.16"/>
  <testcase classname="org.testing.Testscripts.TC5" name="TestCase5" time="86.438"/>
  <testcase classname="org.testing.Testscripts.TC6" name="TestCase6" time="110.828"/>
  <testcase classname="org.testing.Testscripts.TC7" name="TestCase7" time="48.208"/>
  <testcase classname="org.testing.Testscripts.TC8" name="TestCase8" time="49.527"/>
</testsuite> <!-- Command line test b6c4a7a8-cca1-46ed-854b-1a960a4812be -->
