<?xml version="1.0" encoding="UTF-8"?>
<!-- Generated by org.testng.reporters.JUnitXMLReporter -->
<testsuite hostname="DESKTOP-V6KFFFL" failures="1" tests="4" name="Command line test b145344c-70bc-4ff9-a517-7d78e27ab0eb" time="289.412" errors="0" timestamp="18 Jan 2021 19:04:01 GMT">
  <testcase classname="org.testing.Testscripts.TC1" name="TestCase1" time="0.126">
    <failure type="java.lang.AssertionError" message="expected [https://www.youtube.com] but found [https://www.youtube.com/]">
      <![CDATA[java.lang.AssertionError: expected [https://www.youtube.com] but found [https://www.youtube.com/]
	at org.testing.Testscripts.TC1.TestCase1(TC1.java:32)
	at org.testing.runner.runner.main(runner.java:69)
... Removed 26 stack frames]]>
    </failure>
  </testcase> <!-- TestCase1 -->
  <testcase classname="org.testing.Testscripts.TC2" name="TestCase2" time="64.838"/>
  <testcase classname="org.testing.Testscripts.TC3" name="TestCase3" time="53.099"/>
  <testcase classname="org.testing.Testscripts.TC4" name="TestCase4" time="87.879"/>
</testsuite> <!-- Command line test b145344c-70bc-4ff9-a517-7d78e27ab0eb -->
