<?xml version="1.0" encoding="UTF-8"?>
<!-- Generated by org.testng.reporters.JUnitXMLReporter -->
<testsuite hostname="DESKTOP-V6KFFFL" failures="0" tests="4" name="Command line test bf6355e9-39f4-4c3a-8133-9f67e324b86c" time="379.145" errors="0" timestamp="19 Jan 2021 07:09:19 GMT">
  <testcase classname="org.testing.Testscripts.TC4" name="TestCase4" time="57.795"/>
  <testcase classname="org.testing.Testscripts.TC5" name="TestCase5" time="74.329"/>
  <testcase classname="org.testing.Testscripts.TC6" name="TestCase6" time="111.489"/>
  <testcase classname="org.testing.Testscripts.TC8" name="TestCase8" time="52.994"/>
</testsuite> <!-- Command line test bf6355e9-39f4-4c3a-8133-9f67e324b86c -->
