<?xml version="1.0" encoding="UTF-8"?>
<!-- Generated by org.testng.reporters.JUnitXMLReporter -->
<testsuite hostname="DESKTOP-V6KFFFL" failures="1" tests="1" name="Command line test d3fb9e19-ca12-4ad4-bbf9-01efdbe3d010" time="34.55" errors="0" timestamp="18 Jan 2021 17:53:41 GMT">
  <testcase classname="org.testing.Testscripts.TC1" name="TestCase1" time="0.14">
    <failure type="java.lang.AssertionError" message="expected [https://www.youtube.com] but found [https://www.youtube.com/]">
      <![CDATA[java.lang.AssertionError: expected [https://www.youtube.com] but found [https://www.youtube.com/]
	at org.testing.Testscripts.TC1.TestCase1(TC1.java:32)
	at org.testing.runner.runner.main(runner.java:69)
... Removed 26 stack frames]]>
    </failure>
  </testcase> <!-- TestCase1 -->
</testsuite> <!-- Command line test d3fb9e19-ca12-4ad4-bbf9-01efdbe3d010 -->
