<?xml version="1.0" encoding="UTF-8"?>
<!-- Generated by org.testng.reporters.JUnitXMLReporter -->
<testsuite hostname="DESKTOP-V6KFFFL" failures="0" tests="4" name="Command line test 68e4972c-ccad-4c58-9cbc-1a0ac1cfc24e" time="652.937" errors="0" timestamp="20 Feb 2021 19:15:01 GMT">
  <testcase classname="org.testing.Testscripts.TC4" name="TestCase4" time="54.007"/>
  <testcase classname="org.testing.Testscripts.TC5" name="TestCase5" time="106.803"/>
  <testcase classname="org.testing.Testscripts.TC6" name="TestCase6" time="125.798"/>
  <testcase classname="org.testing.Testscripts.TC8" name="TestCase8" time="124.314"/>
</testsuite> <!-- Command line test 68e4972c-ccad-4c58-9cbc-1a0ac1cfc24e -->
