<?xml version="1.0" encoding="UTF-8"?>
<!-- Generated by org.testng.reporters.JUnitXMLReporter -->
<testsuite hostname="DESKTOP-V6KFFFL" failures="0" tests="8" name="Test" time="764.606" errors="0" timestamp="13 Jan 2021 08:17:11 GMT">
  <testcase classname="org.testing.Testscripts.TC1" name="TestCase1" time="60.6"/>
  <testcase classname="org.testing.Testscripts.TC2" name="TestCase2" time="67.053"/>
  <testcase classname="org.testing.Testscripts.TC4" name="TestCase4" time="99.963"/>
  <testcase classname="org.testing.Testscripts.TC3" name="TestCase3" time="51.731"/>
  <testcase classname="org.testing.Testscripts.TC6" name="TestCase6" time="114.228"/>
  <testcase classname="org.testing.Testscripts.TC5" name="TestCase5" time="84.967"/>
  <testcase classname="org.testing.Testscripts.TC8" name="TestCase8" time="58.297"/>
  <testcase classname="org.testing.Testscripts.TC7" name="TestCase7" time="55.086"/>
</testsuite> <!-- Test -->
